<?xml version="1.0" encoding="UTF-8"?>
<!-- Generated by org.testng.reporters.JUnitReportReporter -->
<testsuite hostname="DESKTOP-AF65GUA" failures="0" tests="2" name="com.dev.devString.TestFile" time="30.566" errors="0" timestamp="2021-06-25T11:37:42 IST" skipped="0">
  <testcase classname="com.dev.devString.TestFile" name="login" time="0.498"/>
  <system-out/>
  <testcase classname="com.dev.devString.TestFile" name="dashboard" time="30.068"/>
  <system-out/>
</testsuite> <!-- com.dev.devString.TestFile -->
